0 info it worked if it ends with ok
1 verbose cli [ 'C:\\Program Files\\nodejs\\node.exe',
1 verbose cli   'C:\\Program Files\\nodejs\\node_modules\\npm\\bin\\npm-cli.js',
1 verbose cli   'start' ]
2 info using npm@3.10.8
3 info using node@v6.9.1
4 verbose run-script [ 'prestart', 'start', 'poststart' ]
5 info lifecycle chapter_03@1.0.0~prestart: chapter_03@1.0.0
6 verbose lifecycle chapter_03@1.0.0~prestart: unsafe-perm in lifecycle true
7 verbose lifecycle chapter_03@1.0.0~prestart: PATH: C:\Program Files\nodejs\node_modules\npm\bin\node-gyp-bin;C:\a2\vt19ca2\node_modules\.bin;C:\Users\Jesús\bin;C:\Program Files\Git\mingw64\bin;C:\Program Files\Git\usr\local\bin;C:\Program Files\Git\usr\bin;C:\Program Files\Git\usr\bin;C:\Program Files\Git\mingw64\bin;C:\Program Files\Git\usr\bin;C:\Users\Jesús\bin;C:\Program Files (x86)\Intel\iCLS Client;C:\Program Files\Intel\iCLS Client;C:\WINDOWS\system32;C:\WINDOWS;C:\WINDOWS\System32\Wbem;C:\WINDOWS\System32\WindowsPowerShell\v1.0;C:\Program Files\Intel\Intel(R) Management Engine Components\DAL;C:\Program Files (x86)\Intel\Intel(R) Management Engine Components\DAL;C:\Program Files\Intel\Intel(R) Management Engine Components\IPT;C:\Program Files (x86)\Intel\Intel(R) Management Engine Components\IPT;C:\Program Files (x86)\NVIDIA Corporation\PhysX\Common;C:\WINDOWS\system32;C:\WINDOWS;C:\WINDOWS\System32\Wbem;C:\WINDOWS\System32\WindowsPowerShell\v1.0;C:\Program Files (x86)\QuickTime\QTSystem;C:\Program Files\Git\cmd;C:\Program Files\nodejs;C:\Users\Jesús\AppData\Local\Microsoft\WindowsApps;C:\Users\Jesús\AppData\Roaming\npm;C:\Program Files\Git\usr\bin\vendor_perl;C:\Program Files\Git\usr\bin\core_perl
8 verbose lifecycle chapter_03@1.0.0~prestart: CWD: C:\a2\vt19ca2
9 silly lifecycle chapter_03@1.0.0~prestart: Args: [ '/d /s /c', 'tsc' ]
10 silly lifecycle chapter_03@1.0.0~prestart: Returned: code: 0  signal: null
11 info lifecycle chapter_03@1.0.0~start: chapter_03@1.0.0
12 verbose lifecycle chapter_03@1.0.0~start: unsafe-perm in lifecycle true
13 verbose lifecycle chapter_03@1.0.0~start: PATH: C:\Program Files\nodejs\node_modules\npm\bin\node-gyp-bin;C:\a2\vt19ca2\node_modules\.bin;C:\Users\Jesús\bin;C:\Program Files\Git\mingw64\bin;C:\Program Files\Git\usr\local\bin;C:\Program Files\Git\usr\bin;C:\Program Files\Git\usr\bin;C:\Program Files\Git\mingw64\bin;C:\Program Files\Git\usr\bin;C:\Users\Jesús\bin;C:\Program Files (x86)\Intel\iCLS Client;C:\Program Files\Intel\iCLS Client;C:\WINDOWS\system32;C:\WINDOWS;C:\WINDOWS\System32\Wbem;C:\WINDOWS\System32\WindowsPowerShell\v1.0;C:\Program Files\Intel\Intel(R) Management Engine Components\DAL;C:\Program Files (x86)\Intel\Intel(R) Management Engine Components\DAL;C:\Program Files\Intel\Intel(R) Management Engine Components\IPT;C:\Program Files (x86)\Intel\Intel(R) Management Engine Components\IPT;C:\Program Files (x86)\NVIDIA Corporation\PhysX\Common;C:\WINDOWS\system32;C:\WINDOWS;C:\WINDOWS\System32\Wbem;C:\WINDOWS\System32\WindowsPowerShell\v1.0;C:\Program Files (x86)\QuickTime\QTSystem;C:\Program Files\Git\cmd;C:\Program Files\nodejs;C:\Users\Jesús\AppData\Local\Microsoft\WindowsApps;C:\Users\Jesús\AppData\Roaming\npm;C:\Program Files\Git\usr\bin\vendor_perl;C:\Program Files\Git\usr\bin\core_perl
14 verbose lifecycle chapter_03@1.0.0~start: CWD: C:\a2\vt19ca2
15 silly lifecycle chapter_03@1.0.0~start: Args: [ '/d /s /c', 'concurrently "npm run tsc:w" "npm run lite" ' ]
16 silly lifecycle chapter_03@1.0.0~start: Returned: code: 3221225786  signal: null
17 info lifecycle chapter_03@1.0.0~start: Failed to exec start script
18 verbose stack Error: chapter_03@1.0.0 start: `concurrently "npm run tsc:w" "npm run lite" `
18 verbose stack Exit status 3221225786
18 verbose stack     at EventEmitter.<anonymous> (C:\Program Files\nodejs\node_modules\npm\lib\utils\lifecycle.js:255:16)
18 verbose stack     at emitTwo (events.js:106:13)
18 verbose stack     at EventEmitter.emit (events.js:191:7)
18 verbose stack     at ChildProcess.<anonymous> (C:\Program Files\nodejs\node_modules\npm\lib\utils\spawn.js:40:14)
18 verbose stack     at emitTwo (events.js:106:13)
18 verbose stack     at ChildProcess.emit (events.js:191:7)
18 verbose stack     at maybeClose (internal/child_process.js:877:16)
18 verbose stack     at Process.ChildProcess._handle.onexit (internal/child_process.js:226:5)
19 verbose pkgid chapter_03@1.0.0
20 verbose cwd C:\a2\vt19ca2
21 error Windows_NT 10.0.14393
22 error argv "C:\\Program Files\\nodejs\\node.exe" "C:\\Program Files\\nodejs\\node_modules\\npm\\bin\\npm-cli.js" "start"
23 error node v6.9.1
24 error npm  v3.10.8
25 error code ELIFECYCLE
26 error chapter_03@1.0.0 start: `concurrently "npm run tsc:w" "npm run lite" `
26 error Exit status 3221225786
27 error Failed at the chapter_03@1.0.0 start script 'concurrently "npm run tsc:w" "npm run lite" '.
27 error Make sure you have the latest version of node.js and npm installed.
27 error If you do, this is most likely a problem with the chapter_03 package,
27 error not with npm itself.
27 error Tell the author that this fails on your system:
27 error     concurrently "npm run tsc:w" "npm run lite"
27 error You can get information on how to open an issue for this project with:
27 error     npm bugs chapter_03
27 error Or if that isn't available, you can get their info via:
27 error     npm owner ls chapter_03
27 error There is likely additional logging output above.
28 verbose exit [ 1, true ]
